::1 - - [28/May/2021:19:36:33 +0000] "GET / HTTP/1.1" - - "-" "Mozilla/5.0 (Windows NT 10.0; Win64; x64) AppleWebKit/537.36 (KHTML, like Gecko) Chrome/90.0.4430.212 Safari/537.36"
::1 - - [28/May/2021:19:37:08 +0000] "GET / HTTP/1.1" - - "-" "Mozilla/5.0 (Windows NT 10.0; Win64; x64) AppleWebKit/537.36 (KHTML, like Gecko) Chrome/90.0.4430.212 Safari/537.36"
::1 - - [28/May/2021:19:55:07 +0000] "GET / HTTP/1.1" - - "-" "Mozilla/5.0 (Windows NT 10.0; Win64; x64) AppleWebKit/537.36 (KHTML, like Gecko) Chrome/90.0.4430.212 Safari/537.36"
::1 - - [28/May/2021:19:57:07 +0000] "GET / HTTP/1.1" 200 8651 "-" "Mozilla/5.0 (Windows NT 10.0; Win64; x64) AppleWebKit/537.36 (KHTML, like Gecko) Chrome/90.0.4430.212 Safari/537.36"
::1 - - [28/May/2021:19:58:09 +0000] "GET / HTTP/1.1" 304 - "-" "Mozilla/5.0 (Windows NT 10.0; Win64; x64) AppleWebKit/537.36 (KHTML, like Gecko) Chrome/90.0.4430.212 Safari/537.36"
::1 - - [28/May/2021:19:59:22 +0000] "GET /favicon.ico HTTP/1.1" 404 150 "http://localhost:8000/" "Mozilla/5.0 (Windows NT 10.0; Win64; x64) AppleWebKit/537.36 (KHTML, like Gecko) Chrome/90.0.4430.212 Safari/537.36"
::1 - - [28/May/2021:19:59:41 +0000] "GET /users/profile/60734539eedd9133345216a6 HTTP/1.1" 302 72 "http://localhost:8000/" "Mozilla/5.0 (Windows NT 10.0; Win64; x64) AppleWebKit/537.36 (KHTML, like Gecko) Chrome/90.0.4430.212 Safari/537.36"
::1 - - [28/May/2021:19:59:43 +0000] "GET /users/sign-in HTTP/1.1" 200 2460 "http://localhost:8000/" "Mozilla/5.0 (Windows NT 10.0; Win64; x64) AppleWebKit/537.36 (KHTML, like Gecko) Chrome/90.0.4430.212 Safari/537.36"
::1 - - [28/May/2021:20:00:41 +0000] "GET /users/auth/google HTTP/1.1" 302 0 "http://localhost:8000/users/sign-in" "Mozilla/5.0 (Windows NT 10.0; Win64; x64) AppleWebKit/537.36 (KHTML, like Gecko) Chrome/90.0.4430.212 Safari/537.36"
::1 - - [28/May/2021:20:03:16 +0000] "POST /users/create-session HTTP/1.1" 302 46 "http://localhost:8000/users/sign-in" "Mozilla/5.0 (Windows NT 10.0; Win64; x64) AppleWebKit/537.36 (KHTML, like Gecko) Chrome/90.0.4430.212 Safari/537.36"
::1 - - [28/May/2021:20:03:17 +0000] "GET / HTTP/1.1" 200 13205 "http://localhost:8000/users/sign-in" "Mozilla/5.0 (Windows NT 10.0; Win64; x64) AppleWebKit/537.36 (KHTML, like Gecko) Chrome/90.0.4430.212 Safari/537.36"
::1 - - [28/May/2021:20:05:21 +0000] "GET / HTTP/1.1" 200 12939 "http://localhost:8000/users/sign-in" "Mozilla/5.0 (Windows NT 10.0; Win64; x64) AppleWebKit/537.36 (KHTML, like Gecko) Chrome/90.0.4430.212 Safari/537.36"
::1 - - [28/May/2021:20:08:12 +0000] "POST /likes/toggle/?id=6073190e28e1f2369808fcf5&type=Comment HTTP/1.1" 200 58 "http://localhost:8000/" "Mozilla/5.0 (Windows NT 10.0; Win64; x64) AppleWebKit/537.36 (KHTML, like Gecko) Chrome/90.0.4430.212 Safari/537.36"
::1 - - [28/May/2021:20:08:14 +0000] "POST /likes/toggle/?id=6073190e28e1f2369808fcf5&type=Comment HTTP/1.1" 200 57 "http://localhost:8000/" "Mozilla/5.0 (Windows NT 10.0; Win64; x64) AppleWebKit/537.36 (KHTML, like Gecko) Chrome/90.0.4430.212 Safari/537.36"
::1 - - [28/May/2021:20:08:21 +0000] "GET / HTTP/1.1" 304 - "http://localhost:8000/users/sign-in" "Mozilla/5.0 (Windows NT 10.0; Win64; x64) AppleWebKit/537.36 (KHTML, like Gecko) Chrome/90.0.4430.212 Safari/537.36"
::1 - - [28/May/2021:20:09:23 +0000] "GET / HTTP/1.1" 200 7172 "http://localhost:8000/users/sign-in" "Mozilla/5.0 (Windows NT 10.0; Win64; x64) AppleWebKit/537.36 (KHTML, like Gecko) Chrome/90.0.4430.212 Safari/537.36"
::1 - - [28/May/2021:20:11:25 +0000] "POST /posts/create HTTP/1.1" 200 1935 "http://localhost:8000/" "Mozilla/5.0 (Windows NT 10.0; Win64; x64) AppleWebKit/537.36 (KHTML, like Gecko) Chrome/90.0.4430.212 Safari/537.36"
::1 - - [28/May/2021:20:11:25 +0000] "GET /undefined HTTP/1.1" 404 148 "http://localhost:8000/" "Mozilla/5.0 (Windows NT 10.0; Win64; x64) AppleWebKit/537.36 (KHTML, like Gecko) Chrome/90.0.4430.212 Safari/537.36"
::1 - - [28/May/2021:20:11:30 +0000] "GET / HTTP/1.1" 200 10442 "http://localhost:8000/users/sign-in" "Mozilla/5.0 (Windows NT 10.0; Win64; x64) AppleWebKit/537.36 (KHTML, like Gecko) Chrome/90.0.4430.212 Safari/537.36"
::1 - - [28/May/2021:20:13:39 +0000] "POST /likes/toggle/?id=60b14e6ce8beca2b4da91322&type=Post HTTP/1.1" 200 58 "http://localhost:8000/" "Mozilla/5.0 (Windows NT 10.0; Win64; x64) AppleWebKit/537.36 (KHTML, like Gecko) Chrome/90.0.4430.212 Safari/537.36"
::1 - - [28/May/2021:20:14:34 +0000] "POST /comments/create HTTP/1.1" 302 46 "http://localhost:8000/" "Mozilla/5.0 (Windows NT 10.0; Win64; x64) AppleWebKit/537.36 (KHTML, like Gecko) Chrome/90.0.4430.212 Safari/537.36"
::1 - - [28/May/2021:20:14:35 +0000] "GET / HTTP/1.1" 200 11836 "http://localhost:8000/" "Mozilla/5.0 (Windows NT 10.0; Win64; x64) AppleWebKit/537.36 (KHTML, like Gecko) Chrome/90.0.4430.212 Safari/537.36"
::1 - - [28/May/2021:20:14:47 +0000] "POST /likes/toggle/?id=60b14f2ae8beca2b4da91325&type=Comment HTTP/1.1" 200 58 "http://localhost:8000/" "Mozilla/5.0 (Windows NT 10.0; Win64; x64) AppleWebKit/537.36 (KHTML, like Gecko) Chrome/90.0.4430.212 Safari/537.36"
::1 - - [28/May/2021:20:30:16 +0000] "GET /users/profile/60734539eedd9133345216a6 HTTP/1.1" 200 3125 "http://localhost:8000/" "Mozilla/5.0 (Windows NT 10.0; Win64; x64) AppleWebKit/537.36 (KHTML, like Gecko) Chrome/90.0.4430.212 Safari/537.36"
::1 - - [28/May/2021:20:30:27 +0000] "GET / HTTP/1.1" 200 11577 "http://localhost:8000/users/profile/60734539eedd9133345216a6" "Mozilla/5.0 (Windows NT 10.0; Win64; x64) AppleWebKit/537.36 (KHTML, like Gecko) Chrome/90.0.4430.212 Safari/537.36"
::1 - - [28/May/2021:20:31:28 +0000] "POST /comments/create HTTP/1.1" 302 46 "http://localhost:8000/" "Mozilla/5.0 (Windows NT 10.0; Win64; x64) AppleWebKit/537.36 (KHTML, like Gecko) Chrome/90.0.4430.212 Safari/537.36"
::1 - - [28/May/2021:20:31:29 +0000] "GET / HTTP/1.1" 200 12681 "http://localhost:8000/" "Mozilla/5.0 (Windows NT 10.0; Win64; x64) AppleWebKit/537.36 (KHTML, like Gecko) Chrome/90.0.4430.212 Safari/537.36"
::1 - - [28/May/2021:20:31:59 +0000] "GET /posts/destroy/60b14e6ce8beca2b4da91322 HTTP/1.1" 302 88 "http://localhost:8000/" "Mozilla/5.0 (Windows NT 10.0; Win64; x64) AppleWebKit/537.36 (KHTML, like Gecko) Chrome/90.0.4430.212 Safari/537.36"
::1 - - [28/May/2021:20:32:00 +0000] "GET / HTTP/1.1" 200 7452 "http://localhost:8000/" "Mozilla/5.0 (Windows NT 10.0; Win64; x64) AppleWebKit/537.36 (KHTML, like Gecko) Chrome/90.0.4430.212 Safari/537.36"
::1 - - [28/May/2021:20:35:49 +0000] "POST /posts/create HTTP/1.1" 200 616 "http://localhost:8000/" "Mozilla/5.0 (Windows NT 10.0; Win64; x64) AppleWebKit/537.36 (KHTML, like Gecko) Chrome/90.0.4430.212 Safari/537.36"
::1 - - [28/May/2021:20:35:50 +0000] "GET /undefined HTTP/1.1" 404 148 "http://localhost:8000/" "Mozilla/5.0 (Windows NT 10.0; Win64; x64) AppleWebKit/537.36 (KHTML, like Gecko) Chrome/90.0.4430.212 Safari/537.36"
::1 - - [28/May/2021:20:36:00 +0000] "GET / HTTP/1.1" 200 9123 "http://localhost:8000/" "Mozilla/5.0 (Windows NT 10.0; Win64; x64) AppleWebKit/537.36 (KHTML, like Gecko) Chrome/90.0.4430.212 Safari/537.36"
::1 - - [28/May/2021:20:36:16 +0000] "GET /posts/destroy/60b15425e8beca2b4da9132a HTTP/1.1" 302 88 "http://localhost:8000/" "Mozilla/5.0 (Windows NT 10.0; Win64; x64) AppleWebKit/537.36 (KHTML, like Gecko) Chrome/90.0.4430.212 Safari/537.36"
::1 - - [28/May/2021:20:36:17 +0000] "GET / HTTP/1.1" 200 7452 "http://localhost:8000/" "Mozilla/5.0 (Windows NT 10.0; Win64; x64) AppleWebKit/537.36 (KHTML, like Gecko) Chrome/90.0.4430.212 Safari/537.36"
::1 - - [28/May/2021:20:36:35 +0000] "POST /posts/create HTTP/1.1" 200 620 "http://localhost:8000/" "Mozilla/5.0 (Windows NT 10.0; Win64; x64) AppleWebKit/537.36 (KHTML, like Gecko) Chrome/90.0.4430.212 Safari/537.36"
::1 - - [28/May/2021:20:36:36 +0000] "GET /undefined HTTP/1.1" 404 148 "http://localhost:8000/" "Mozilla/5.0 (Windows NT 10.0; Win64; x64) AppleWebKit/537.36 (KHTML, like Gecko) Chrome/90.0.4430.212 Safari/537.36"
::1 - - [28/May/2021:20:36:40 +0000] "GET / HTTP/1.1" 200 9125 "http://localhost:8000/" "Mozilla/5.0 (Windows NT 10.0; Win64; x64) AppleWebKit/537.36 (KHTML, like Gecko) Chrome/90.0.4430.212 Safari/537.36"
::1 - - [28/May/2021:20:37:53 +0000] "POST /comments/create HTTP/1.1" 302 46 "http://localhost:8000/" "Mozilla/5.0 (Windows NT 10.0; Win64; x64) AppleWebKit/537.36 (KHTML, like Gecko) Chrome/90.0.4430.212 Safari/537.36"
::1 - - [28/May/2021:20:37:54 +0000] "GET / HTTP/1.1" 200 10088 "http://localhost:8000/" "Mozilla/5.0 (Windows NT 10.0; Win64; x64) AppleWebKit/537.36 (KHTML, like Gecko) Chrome/90.0.4430.212 Safari/537.36"
::1 - - [28/May/2021:20:38:36 +0000] "GET /users/sign-out HTTP/1.1" 302 46 "http://localhost:8000/" "Mozilla/5.0 (Windows NT 10.0; Win64; x64) AppleWebKit/537.36 (KHTML, like Gecko) Chrome/90.0.4430.212 Safari/537.36"
::1 - - [28/May/2021:20:38:36 +0000] "GET / HTTP/1.1" 200 6842 "http://localhost:8000/" "Mozilla/5.0 (Windows NT 10.0; Win64; x64) AppleWebKit/537.36 (KHTML, like Gecko) Chrome/90.0.4430.212 Safari/537.36"
::1 - - [28/May/2021:20:38:42 +0000] "GET /users/sign-in HTTP/1.1" 304 - "http://localhost:8000/" "Mozilla/5.0 (Windows NT 10.0; Win64; x64) AppleWebKit/537.36 (KHTML, like Gecko) Chrome/90.0.4430.212 Safari/537.36"
::1 - - [28/May/2021:20:38:59 +0000] "POST /users/create-session HTTP/1.1" 302 46 "http://localhost:8000/users/sign-in" "Mozilla/5.0 (Windows NT 10.0; Win64; x64) AppleWebKit/537.36 (KHTML, like Gecko) Chrome/90.0.4430.212 Safari/537.36"
::1 - - [28/May/2021:20:39:00 +0000] "GET / HTTP/1.1" 200 9752 "http://localhost:8000/users/sign-in" "Mozilla/5.0 (Windows NT 10.0; Win64; x64) AppleWebKit/537.36 (KHTML, like Gecko) Chrome/90.0.4430.212 Safari/537.36"
::1 - - [28/May/2021:20:39:21 +0000] "POST /comments/create HTTP/1.1" 302 46 "http://localhost:8000/" "Mozilla/5.0 (Windows NT 10.0; Win64; x64) AppleWebKit/537.36 (KHTML, like Gecko) Chrome/90.0.4430.212 Safari/537.36"
::1 - - [28/May/2021:20:39:21 +0000] "GET / HTTP/1.1" 200 10537 "http://localhost:8000/" "Mozilla/5.0 (Windows NT 10.0; Win64; x64) AppleWebKit/537.36 (KHTML, like Gecko) Chrome/90.0.4430.212 Safari/537.36"
::1 - - [28/May/2021:20:39:28 +0000] "POST /likes/toggle/?id=60b15453e8beca2b4da9132b&type=Post HTTP/1.1" 200 58 "http://localhost:8000/" "Mozilla/5.0 (Windows NT 10.0; Win64; x64) AppleWebKit/537.36 (KHTML, like Gecko) Chrome/90.0.4430.212 Safari/537.36"
::1 - - [28/May/2021:20:39:31 +0000] "POST /likes/toggle/?id=60b154f8e8beca2b4da9132e&type=Comment HTTP/1.1" 200 58 "http://localhost:8000/" "Mozilla/5.0 (Windows NT 10.0; Win64; x64) AppleWebKit/537.36 (KHTML, like Gecko) Chrome/90.0.4430.212 Safari/537.36"
::1 - - [28/May/2021:20:39:46 +0000] "GET /users/profile/606e18b93fb409563cedce89 HTTP/1.1" 200 3127 "http://localhost:8000/" "Mozilla/5.0 (Windows NT 10.0; Win64; x64) AppleWebKit/537.36 (KHTML, like Gecko) Chrome/90.0.4430.212 Safari/537.36"
::1 - - [28/May/2021:20:39:53 +0000] "GET /users/profile/60662c626c33cb2f04cc7876 HTTP/1.1" 200 3142 "http://localhost:8000/" "Mozilla/5.0 (Windows NT 10.0; Win64; x64) AppleWebKit/537.36 (KHTML, like Gecko) Chrome/90.0.4430.212 Safari/537.36"
::1 - - [29/May/2021:02:02:04 +0000] "GET /users/profile/60734539eedd9133345216a6 HTTP/1.1" 302 72 "http://localhost:8000/" "Mozilla/5.0 (Windows NT 10.0; Win64; x64) AppleWebKit/537.36 (KHTML, like Gecko) Chrome/90.0.4430.212 Safari/537.36"
::1 - - [29/May/2021:02:02:29 +0000] "GET /users/sign-in HTTP/1.1" 500 148 "http://localhost:8000/" "Mozilla/5.0 (Windows NT 10.0; Win64; x64) AppleWebKit/537.36 (KHTML, like Gecko) Chrome/90.0.4430.212 Safari/537.36"
::1 - - [29/May/2021:02:03:58 +0000] "GET /users/sign-in HTTP/1.1" 200 2460 "http://localhost:8000/" "Mozilla/5.0 (Windows NT 10.0; Win64; x64) AppleWebKit/537.36 (KHTML, like Gecko) Chrome/90.0.4430.212 Safari/537.36"
::1 - - [29/May/2021:02:08:08 +0000] "POST /users/create-session HTTP/1.1" 302 46 "http://localhost:8000/users/sign-in" "Mozilla/5.0 (Windows NT 10.0; Win64; x64) AppleWebKit/537.36 (KHTML, like Gecko) Chrome/90.0.4430.212 Safari/537.36"
::1 - - [29/May/2021:02:08:09 +0000] "GET / HTTP/1.1" 200 10544 "http://localhost:8000/users/sign-in" "Mozilla/5.0 (Windows NT 10.0; Win64; x64) AppleWebKit/537.36 (KHTML, like Gecko) Chrome/90.0.4430.212 Safari/537.36"
::1 - - [29/May/2021:02:08:30 +0000] "GET /users/profile/60734539eedd9133345216a6 HTTP/1.1" 200 3220 "http://localhost:8000/" "Mozilla/5.0 (Windows NT 10.0; Win64; x64) AppleWebKit/537.36 (KHTML, like Gecko) Chrome/90.0.4430.212 Safari/537.36"
::1 - - [29/May/2021:02:09:42 +0000] "POST /users/update/60734539eedd9133345216a6 HTTP/1.1" 302 164 "http://localhost:8000/users/profile/60734539eedd9133345216a6" "Mozilla/5.0 (Windows NT 10.0; Win64; x64) AppleWebKit/537.36 (KHTML, like Gecko) Chrome/90.0.4430.212 Safari/537.36"
::1 - - [29/May/2021:02:09:42 +0000] "GET /users/profile/60734539eedd9133345216a6 HTTP/1.1" 200 3306 "http://localhost:8000/users/profile/60734539eedd9133345216a6" "Mozilla/5.0 (Windows NT 10.0; Win64; x64) AppleWebKit/537.36 (KHTML, like Gecko) Chrome/90.0.4430.212 Safari/537.36"
::1 - - [29/May/2021:02:09:48 +0000] "GET / HTTP/1.1" 200 10364 "http://localhost:8000/users/profile/60734539eedd9133345216a6" "Mozilla/5.0 (Windows NT 10.0; Win64; x64) AppleWebKit/537.36 (KHTML, like Gecko) Chrome/90.0.4430.212 Safari/537.36"
::1 - - [29/May/2021:02:12:26 +0000] "GET /users/profile/60734539eedd9133345216a6 HTTP/1.1" 304 - "http://localhost:8000/" "Mozilla/5.0 (Windows NT 10.0; Win64; x64) AppleWebKit/537.36 (KHTML, like Gecko) Chrome/90.0.4430.212 Safari/537.36"
::1 - - [29/May/2021:02:12:42 +0000] "GET / HTTP/1.1" 304 - "http://localhost:8000/users/profile/60734539eedd9133345216a6" "Mozilla/5.0 (Windows NT 10.0; Win64; x64) AppleWebKit/537.36 (KHTML, like Gecko) Chrome/90.0.4430.212 Safari/537.36"
::1 - - [29/May/2021:02:12:57 +0000] "GET /users/sign-out HTTP/1.1" 302 46 "http://localhost:8000/" "Mozilla/5.0 (Windows NT 10.0; Win64; x64) AppleWebKit/537.36 (KHTML, like Gecko) Chrome/90.0.4430.212 Safari/537.36"
::1 - - [29/May/2021:02:12:58 +0000] "GET / HTTP/1.1" 200 7361 "http://localhost:8000/" "Mozilla/5.0 (Windows NT 10.0; Win64; x64) AppleWebKit/537.36 (KHTML, like Gecko) Chrome/90.0.4430.212 Safari/537.36"
::1 - - [29/May/2021:02:13:17 +0000] "GET /users/sign-in HTTP/1.1" 304 - "http://localhost:8000/" "Mozilla/5.0 (Windows NT 10.0; Win64; x64) AppleWebKit/537.36 (KHTML, like Gecko) Chrome/90.0.4430.212 Safari/537.36"
::1 - - [29/May/2021:02:13:23 +0000] "GET /users/sign-up HTTP/1.1" 200 2626 "http://localhost:8000/users/sign-in" "Mozilla/5.0 (Windows NT 10.0; Win64; x64) AppleWebKit/537.36 (KHTML, like Gecko) Chrome/90.0.4430.212 Safari/537.36"
::1 - - [29/May/2021:02:13:27 +0000] "GET /users/sign-in HTTP/1.1" 304 - "http://localhost:8000/users/sign-up" "Mozilla/5.0 (Windows NT 10.0; Win64; x64) AppleWebKit/537.36 (KHTML, like Gecko) Chrome/90.0.4430.212 Safari/537.36"
::1 - - [29/May/2021:02:13:37 +0000] "POST /users/create-session HTTP/1.1" 302 46 "http://localhost:8000/users/sign-in" "Mozilla/5.0 (Windows NT 10.0; Win64; x64) AppleWebKit/537.36 (KHTML, like Gecko) Chrome/90.0.4430.212 Safari/537.36"
::1 - - [29/May/2021:02:13:38 +0000] "GET / HTTP/1.1" 200 10630 "http://localhost:8000/users/sign-in" "Mozilla/5.0 (Windows NT 10.0; Win64; x64) AppleWebKit/537.36 (KHTML, like Gecko) Chrome/90.0.4430.212 Safari/537.36"
::1 - - [29/May/2021:02:14:32 +0000] "POST /posts/create HTTP/1.1" 200 443 "http://localhost:8000/" "Mozilla/5.0 (Windows NT 10.0; Win64; x64) AppleWebKit/537.36 (KHTML, like Gecko) Chrome/90.0.4430.212 Safari/537.36"
::1 - - [29/May/2021:02:14:32 +0000] "GET /undefined HTTP/1.1" 404 148 "http://localhost:8000/" "Mozilla/5.0 (Windows NT 10.0; Win64; x64) AppleWebKit/537.36 (KHTML, like Gecko) Chrome/90.0.4430.212 Safari/537.36"
::1 - - [29/May/2021:02:14:37 +0000] "GET / HTTP/1.1" 200 12139 "http://localhost:8000/users/sign-in" "Mozilla/5.0 (Windows NT 10.0; Win64; x64) AppleWebKit/537.36 (KHTML, like Gecko) Chrome/90.0.4430.212 Safari/537.36"
::1 - - [29/May/2021:02:14:52 +0000] "GET /users/sign-out HTTP/1.1" 302 46 "http://localhost:8000/" "Mozilla/5.0 (Windows NT 10.0; Win64; x64) AppleWebKit/537.36 (KHTML, like Gecko) Chrome/90.0.4430.212 Safari/537.36"
::1 - - [29/May/2021:02:14:53 +0000] "GET / HTTP/1.1" 200 8432 "http://localhost:8000/" "Mozilla/5.0 (Windows NT 10.0; Win64; x64) AppleWebKit/537.36 (KHTML, like Gecko) Chrome/90.0.4430.212 Safari/537.36"
::1 - - [29/May/2021:02:14:56 +0000] "GET /users/sign-in HTTP/1.1" 304 - "http://localhost:8000/" "Mozilla/5.0 (Windows NT 10.0; Win64; x64) AppleWebKit/537.36 (KHTML, like Gecko) Chrome/90.0.4430.212 Safari/537.36"
::1 - - [29/May/2021:02:15:15 +0000] "POST /users/create-session HTTP/1.1" 302 72 "http://localhost:8000/users/sign-in" "Mozilla/5.0 (Windows NT 10.0; Win64; x64) AppleWebKit/537.36 (KHTML, like Gecko) Chrome/90.0.4430.212 Safari/537.36"
::1 - - [29/May/2021:02:15:16 +0000] "GET /users/sign-in HTTP/1.1" 200 2761 "http://localhost:8000/users/sign-in" "Mozilla/5.0 (Windows NT 10.0; Win64; x64) AppleWebKit/537.36 (KHTML, like Gecko) Chrome/90.0.4430.212 Safari/537.36"
::1 - - [29/May/2021:02:15:25 +0000] "POST /users/create-session HTTP/1.1" 302 46 "http://localhost:8000/users/sign-in" "Mozilla/5.0 (Windows NT 10.0; Win64; x64) AppleWebKit/537.36 (KHTML, like Gecko) Chrome/90.0.4430.212 Safari/537.36"
::1 - - [29/May/2021:02:15:26 +0000] "GET / HTTP/1.1" 200 12414 "http://localhost:8000/users/sign-in" "Mozilla/5.0 (Windows NT 10.0; Win64; x64) AppleWebKit/537.36 (KHTML, like Gecko) Chrome/90.0.4430.212 Safari/537.36"
::1 - - [29/May/2021:02:15:29 +0000] "POST /likes/toggle/?id=60b1a388e8beca2b4da91333&type=Post HTTP/1.1" 200 58 "http://localhost:8000/" "Mozilla/5.0 (Windows NT 10.0; Win64; x64) AppleWebKit/537.36 (KHTML, like Gecko) Chrome/90.0.4430.212 Safari/537.36"
::1 - - [29/May/2021:02:15:32 +0000] "POST /likes/toggle/?id=60b154a1e8beca2b4da9132c&type=Comment HTTP/1.1" 200 58 "http://localhost:8000/" "Mozilla/5.0 (Windows NT 10.0; Win64; x64) AppleWebKit/537.36 (KHTML, like Gecko) Chrome/90.0.4430.212 Safari/537.36"
::1 - - [29/May/2021:02:15:37 +0000] "POST /likes/toggle/?id=60b154f8e8beca2b4da9132e&type=Comment HTTP/1.1" 200 58 "http://localhost:8000/" "Mozilla/5.0 (Windows NT 10.0; Win64; x64) AppleWebKit/537.36 (KHTML, like Gecko) Chrome/90.0.4430.212 Safari/537.36"
::1 - - [29/May/2021:02:15:53 +0000] "GET /users/profile/606e18b93fb409563cedce89 HTTP/1.1" 200 3180 "http://localhost:8000/" "Mozilla/5.0 (Windows NT 10.0; Win64; x64) AppleWebKit/537.36 (KHTML, like Gecko) Chrome/90.0.4430.212 Safari/537.36"
::1 - - [29/May/2021:02:16:04 +0000] "GET /users/sign-out HTTP/1.1" 302 46 "http://localhost:8000/" "Mozilla/5.0 (Windows NT 10.0; Win64; x64) AppleWebKit/537.36 (KHTML, like Gecko) Chrome/90.0.4430.212 Safari/537.36"
::1 - - [29/May/2021:02:16:05 +0000] "GET / HTTP/1.1" 200 8432 "http://localhost:8000/" "Mozilla/5.0 (Windows NT 10.0; Win64; x64) AppleWebKit/537.36 (KHTML, like Gecko) Chrome/90.0.4430.212 Safari/537.36"
::1 - - [29/May/2021:02:16:13 +0000] "GET /users/sign-in HTTP/1.1" 200 2460 "http://localhost:8000/" "Mozilla/5.0 (Windows NT 10.0; Win64; x64) AppleWebKit/537.36 (KHTML, like Gecko) Chrome/90.0.4430.212 Safari/537.36"
::1 - - [29/May/2021:02:16:34 +0000] "POST /users/create-session HTTP/1.1" 302 46 "http://localhost:8000/users/sign-in" "Mozilla/5.0 (Windows NT 10.0; Win64; x64) AppleWebKit/537.36 (KHTML, like Gecko) Chrome/90.0.4430.212 Safari/537.36"
::1 - - [29/May/2021:02:16:35 +0000] "GET / HTTP/1.1" 200 11771 "http://localhost:8000/users/sign-in" "Mozilla/5.0 (Windows NT 10.0; Win64; x64) AppleWebKit/537.36 (KHTML, like Gecko) Chrome/90.0.4430.212 Safari/537.36"
::1 - - [29/May/2021:02:16:39 +0000] "POST /likes/toggle/?id=60b1a388e8beca2b4da91333&type=Post HTTP/1.1" 200 58 "http://localhost:8000/" "Mozilla/5.0 (Windows NT 10.0; Win64; x64) AppleWebKit/537.36 (KHTML, like Gecko) Chrome/90.0.4430.212 Safari/537.36"
::1 - - [29/May/2021:02:16:43 +0000] "POST /likes/toggle/?id=60b15453e8beca2b4da9132b&type=Post HTTP/1.1" 200 58 "http://localhost:8000/" "Mozilla/5.0 (Windows NT 10.0; Win64; x64) AppleWebKit/537.36 (KHTML, like Gecko) Chrome/90.0.4430.212 Safari/537.36"
::1 - - [29/May/2021:02:16:45 +0000] "POST /likes/toggle/?id=60b154a1e8beca2b4da9132c&type=Comment HTTP/1.1" 200 58 "http://localhost:8000/" "Mozilla/5.0 (Windows NT 10.0; Win64; x64) AppleWebKit/537.36 (KHTML, like Gecko) Chrome/90.0.4430.212 Safari/537.36"
::1 - - [29/May/2021:02:17:09 +0000] "POST /comments/create HTTP/1.1" 302 46 "http://localhost:8000/" "Mozilla/5.0 (Windows NT 10.0; Win64; x64) AppleWebKit/537.36 (KHTML, like Gecko) Chrome/90.0.4430.212 Safari/537.36"
::1 - - [29/May/2021:02:17:10 +0000] "GET / HTTP/1.1" 200 12430 "http://localhost:8000/" "Mozilla/5.0 (Windows NT 10.0; Win64; x64) AppleWebKit/537.36 (KHTML, like Gecko) Chrome/90.0.4430.212 Safari/537.36"
::1 - - [29/May/2021:02:17:19 +0000] "POST /comments/create HTTP/1.1" 302 46 "http://localhost:8000/" "Mozilla/5.0 (Windows NT 10.0; Win64; x64) AppleWebKit/537.36 (KHTML, like Gecko) Chrome/90.0.4430.212 Safari/537.36"
::1 - - [29/May/2021:02:17:19 +0000] "GET / HTTP/1.1" 200 13096 "http://localhost:8000/" "Mozilla/5.0 (Windows NT 10.0; Win64; x64) AppleWebKit/537.36 (KHTML, like Gecko) Chrome/90.0.4430.212 Safari/537.36"
::1 - - [29/May/2021:02:17:25 +0000] "POST /likes/toggle/?id=60b1a42ee8beca2b4da91342&type=Comment HTTP/1.1" 200 58 "http://localhost:8000/" "Mozilla/5.0 (Windows NT 10.0; Win64; x64) AppleWebKit/537.36 (KHTML, like Gecko) Chrome/90.0.4430.212 Safari/537.36"
::1 - - [29/May/2021:02:17:27 +0000] "POST /likes/toggle/?id=60b1a425e8beca2b4da91340&type=Comment HTTP/1.1" 200 58 "http://localhost:8000/" "Mozilla/5.0 (Windows NT 10.0; Win64; x64) AppleWebKit/537.36 (KHTML, like Gecko) Chrome/90.0.4430.212 Safari/537.36"
::1 - - [29/May/2021:02:17:58 +0000] "GET / HTTP/1.1" 200 12837 "http://localhost:8000/" "Mozilla/5.0 (Windows NT 10.0; Win64; x64) AppleWebKit/537.36 (KHTML, like Gecko) Chrome/90.0.4430.212 Safari/537.36"
::1 - - [29/May/2021:03:39:28 +0000] "GET /users/profile/606e18b93fb409563cedce89 HTTP/1.1" 200 3324 "http://localhost:8000/" "Mozilla/5.0 (Windows NT 10.0; Win64; x64) AppleWebKit/537.36 (KHTML, like Gecko) Chrome/90.0.4430.212 Safari/537.36"
::1 - - [29/May/2021:05:18:49 +0000] "GET /users/profile/60662c626c33cb2f04cc7876 HTTP/1.1" 302 72 "http://localhost:8000/" "Mozilla/5.0 (Windows NT 10.0; Win64; x64) AppleWebKit/537.36 (KHTML, like Gecko) Chrome/90.0.4430.212 Safari/537.36"
::1 - - [29/May/2021:05:18:49 +0000] "GET /users/sign-in HTTP/1.1" 304 - "http://localhost:8000/" "Mozilla/5.0 (Windows NT 10.0; Win64; x64) AppleWebKit/537.36 (KHTML, like Gecko) Chrome/90.0.4430.212 Safari/537.36"
::1 - - [29/May/2021:05:18:53 +0000] "GET /users/sign-in HTTP/1.1" 304 - "http://localhost:8000/users/sign-in" "Mozilla/5.0 (Windows NT 10.0; Win64; x64) AppleWebKit/537.36 (KHTML, like Gecko) Chrome/90.0.4430.212 Safari/537.36"
::1 - - [29/May/2021:05:20:03 +0000] "GET / HTTP/1.1" 200 8869 "http://localhost:8000/users/sign-in" "Mozilla/5.0 (Windows NT 10.0; Win64; x64) AppleWebKit/537.36 (KHTML, like Gecko) Chrome/90.0.4430.212 Safari/537.36"
::1 - - [29/May/2021:17:58:50 +0000] "POST /users/create-session HTTP/1.1" 302 46 "http://localhost:8000/users/sign-in" "Mozilla/5.0 (Windows NT 10.0; Win64; x64) AppleWebKit/537.36 (KHTML, like Gecko) Chrome/90.0.4430.212 Safari/537.36"
::1 - - [29/May/2021:17:58:51 +0000] "GET / HTTP/1.1" 200 13422 "http://localhost:8000/users/sign-in" "Mozilla/5.0 (Windows NT 10.0; Win64; x64) AppleWebKit/537.36 (KHTML, like Gecko) Chrome/90.0.4430.212 Safari/537.36"
::1 - - [29/May/2021:18:00:12 +0000] "POST /likes/toggle/?id=60b15453e8beca2b4da9132b&type=Post HTTP/1.1" 200 58 "http://localhost:8000/" "Mozilla/5.0 (Windows NT 10.0; Win64; x64) AppleWebKit/537.36 (KHTML, like Gecko) Chrome/90.0.4430.212 Safari/537.36"
::1 - - [29/May/2021:18:00:15 +0000] "POST /likes/toggle/?id=60b154f8e8beca2b4da9132e&type=Comment HTTP/1.1" 200 57 "http://localhost:8000/" "Mozilla/5.0 (Windows NT 10.0; Win64; x64) AppleWebKit/537.36 (KHTML, like Gecko) Chrome/90.0.4430.212 Safari/537.36"
::1 - - [29/May/2021:18:00:18 +0000] "POST /likes/toggle/?id=60b154f8e8beca2b4da9132e&type=Comment HTTP/1.1" 200 58 "http://localhost:8000/" "Mozilla/5.0 (Windows NT 10.0; Win64; x64) AppleWebKit/537.36 (KHTML, like Gecko) Chrome/90.0.4430.212 Safari/537.36"
::1 - - [29/May/2021:18:00:22 +0000] "POST /likes/toggle/?id=60b1a388e8beca2b4da91333&type=Post HTTP/1.1" 200 57 "http://localhost:8000/" "Mozilla/5.0 (Windows NT 10.0; Win64; x64) AppleWebKit/537.36 (KHTML, like Gecko) Chrome/90.0.4430.212 Safari/537.36"
::1 - - [29/May/2021:18:00:24 +0000] "POST /likes/toggle/?id=60b1a388e8beca2b4da91333&type=Post HTTP/1.1" 200 58 "http://localhost:8000/" "Mozilla/5.0 (Windows NT 10.0; Win64; x64) AppleWebKit/537.36 (KHTML, like Gecko) Chrome/90.0.4430.212 Safari/537.36"
::1 - - [29/May/2021:18:00:26 +0000] "POST /likes/toggle/?id=60b1a425e8beca2b4da91340&type=Comment HTTP/1.1" 200 58 "http://localhost:8000/" "Mozilla/5.0 (Windows NT 10.0; Win64; x64) AppleWebKit/537.36 (KHTML, like Gecko) Chrome/90.0.4430.212 Safari/537.36"
